<?xml version="1.0" encoding="UTF-8"?>
<testsuite xmlns:xsi="http://www.w3.org/2001/XMLSchema-instance" xsi:noNamespaceSchemaLocation="https://maven.apache.org/surefire/maven-surefire-plugin/xsd/surefire-test-report.xsd" name="TestSuite" time="34.06" tests="6" errors="0" skipped="1" failures="4">
  <properties>
[...]
</properties>
  <testcase name="submitOrder" classname="rahulshettyacademy.tests.SubmitOrderTest" time="10.339">
    <failure message="Expected condition failed: waiting for visibility of element located by By.cssSelector: .mb-3 (tried for 5 second(s) with 500 milliseconds interval)&#10;Build info: version: &apos;4.18.0&apos;, revision: &apos;b6bf9de7cc*&apos;&#10;System info: os.name: &apos;Windows 11&apos;, os.arch: &apos;amd64&apos;, os.version: &apos;10.0&apos;, java.version: &apos;23.0.2&apos;&#10;Driver info: org.openqa.selenium.chrome.ChromeDriver&#10;Capabilities {acceptInsecureCerts: false, browserName: chrome, browserVersion: 144.0.7559.60, chrome: {chromedriverVersion: 144.0.7559.31 (18537d992890..., userDataDir: C:\Users\melba\AppData\Loca...}, fedcm:accounts: true, goog:chromeOptions: {debuggerAddress: localhost:59755}, goog:processID: 10132, networkConnectionEnabled: false, pageLoadStrategy: normal, platformName: windows, proxy: Proxy(), se:cdp: ws://localhost:59755/devtoo..., se:cdpVersion: 144.0.7559.60, setWindowRect: true, strictFileInteractability: false, timeouts: {implicit: 0, pageLoad: 300000, script: 30000}, unhandledPromptBehavior: dismiss and notify, webauthn:extension:credBlob: true, webauthn:extension:largeBlob: true, webauthn:extension:minPinLength: true, webauthn:extension:prf: true, webauthn:virtualAuthenticators: true}&#10;Session ID: a19ff6ef441f9b52c3692c792ad13513" type="org.openqa.selenium.TimeoutException">org.openqa.selenium.TimeoutException: 
Expected condition failed: waiting for visibility of element located by By.cssSelector: .mb-3 (tried for 5 second(s) with 500 milliseconds interval)
Build info: version: '4.18.0', revision: 'b6bf9de7cc*'
System info: os.name: 'Windows 11', os.arch: 'amd64', os.version: '10.0', java.version: '23.0.2'
Driver info: org.openqa.selenium.chrome.ChromeDriver
Capabilities {acceptInsecureCerts: false, browserName: chrome, browserVersion: 144.0.7559.60, chrome: {chromedriverVersion: 144.0.7559.31 (18537d992890..., userDataDir: C:\Users\melba\AppData\Loca...}, fedcm:accounts: true, goog:chromeOptions: {debuggerAddress: localhost:59755}, goog:processID: 10132, networkConnectionEnabled: false, pageLoadStrategy: normal, platformName: windows, proxy: Proxy(), se:cdp: ws://localhost:59755/devtoo..., se:cdpVersion: 144.0.7559.60, setWindowRect: true, strictFileInteractability: false, timeouts: {implicit: 0, pageLoad: 300000, script: 30000}, unhandledPromptBehavior: dismiss and notify, webauthn:extension:credBlob: true, webauthn:extension:largeBlob: true, webauthn:extension:minPinLength: true, webauthn:extension:prf: true, webauthn:virtualAuthenticators: true}
Session ID: a19ff6ef441f9b52c3692c792ad13513
	at rahulshettyacademy.tests.SubmitOrderTest.submitOrder(SubmitOrderTest.java:44)
</failure>
    <system-err><![CDATA[SLF4J(W): No SLF4J providers were found.
SLF4J(W): Defaulting to no-operation (NOP) logger implementation
SLF4J(W): See https://www.slf4j.org/codes.html#noProviders for further details.
Jan 17, 2026 8:51:25 PM org.openqa.selenium.devtools.CdpVersionFinder findNearestMatch
WARNING: Unable to find CDP implementation matching 144
Jan 17, 2026 8:51:25 PM org.openqa.selenium.chromium.ChromiumDriver lambda$new$5
WARNING: Unable to find version of CDP to use for 144.0.7559.60. You may need to include a dependency on a specific version of the CDP using something similar to `org.seleniumhq.selenium:selenium-devtools-v86:4.18.0` where the version ("v86") matches the version of the chromium-based browser you're using and the version number of the artifact is the same as Selenium's.
]]></system-err>
  </testcase>
  <testcase name="submitOrder" classname="rahulshettyacademy.tests.SubmitOrderTest" time="10.367">
    <failure message="Expected condition failed: waiting for visibility of element located by By.cssSelector: .mb-3 (tried for 5 second(s) with 500 milliseconds interval)&#10;Build info: version: &apos;4.18.0&apos;, revision: &apos;b6bf9de7cc*&apos;&#10;System info: os.name: &apos;Windows 11&apos;, os.arch: &apos;amd64&apos;, os.version: &apos;10.0&apos;, java.version: &apos;23.0.2&apos;&#10;Driver info: org.openqa.selenium.chrome.ChromeDriver&#10;Capabilities {acceptInsecureCerts: false, browserName: chrome, browserVersion: 144.0.7559.60, chrome: {chromedriverVersion: 144.0.7559.31 (18537d992890..., userDataDir: C:\Users\melba\AppData\Loca...}, fedcm:accounts: true, goog:chromeOptions: {debuggerAddress: localhost:57668}, goog:processID: 19524, networkConnectionEnabled: false, pageLoadStrategy: normal, platformName: windows, proxy: Proxy(), se:cdp: ws://localhost:57668/devtoo..., se:cdpVersion: 144.0.7559.60, setWindowRect: true, strictFileInteractability: false, timeouts: {implicit: 0, pageLoad: 300000, script: 30000}, unhandledPromptBehavior: dismiss and notify, webauthn:extension:credBlob: true, webauthn:extension:largeBlob: true, webauthn:extension:minPinLength: true, webauthn:extension:prf: true, webauthn:virtualAuthenticators: true}&#10;Session ID: 2cb3a654fbf83a567c2ac0edb12fd64c" type="org.openqa.selenium.TimeoutException">org.openqa.selenium.TimeoutException: 
Expected condition failed: waiting for visibility of element located by By.cssSelector: .mb-3 (tried for 5 second(s) with 500 milliseconds interval)
Build info: version: '4.18.0', revision: 'b6bf9de7cc*'
System info: os.name: 'Windows 11', os.arch: 'amd64', os.version: '10.0', java.version: '23.0.2'
Driver info: org.openqa.selenium.chrome.ChromeDriver
Capabilities {acceptInsecureCerts: false, browserName: chrome, browserVersion: 144.0.7559.60, chrome: {chromedriverVersion: 144.0.7559.31 (18537d992890..., userDataDir: C:\Users\melba\AppData\Loca...}, fedcm:accounts: true, goog:chromeOptions: {debuggerAddress: localhost:57668}, goog:processID: 19524, networkConnectionEnabled: false, pageLoadStrategy: normal, platformName: windows, proxy: Proxy(), se:cdp: ws://localhost:57668/devtoo..., se:cdpVersion: 144.0.7559.60, setWindowRect: true, strictFileInteractability: false, timeouts: {implicit: 0, pageLoad: 300000, script: 30000}, unhandledPromptBehavior: dismiss and notify, webauthn:extension:credBlob: true, webauthn:extension:largeBlob: true, webauthn:extension:minPinLength: true, webauthn:extension:prf: true, webauthn:virtualAuthenticators: true}
Session ID: 2cb3a654fbf83a567c2ac0edb12fd64c
	at rahulshettyacademy.tests.SubmitOrderTest.submitOrder(SubmitOrderTest.java:44)
</failure>
    <system-err><![CDATA[Jan 17, 2026 8:51:37 PM org.openqa.selenium.devtools.CdpVersionFinder findNearestMatch
WARNING: Unable to find CDP implementation matching 144
Jan 17, 2026 8:51:37 PM org.openqa.selenium.chromium.ChromiumDriver lambda$new$5
WARNING: Unable to find version of CDP to use for 144.0.7559.60. You may need to include a dependency on a specific version of the CDP using something similar to `org.seleniumhq.selenium:selenium-devtools-v86:4.18.0` where the version ("v86") matches the version of the chromium-based browser you're using and the version number of the artifact is the same as Selenium's.
]]></system-err>
  </testcase>
  <testcase name="runScenario" classname="cucumber.TestNGTestRunner" time="3.163">
    <failure message="element click intercepted: Element is not clickable at point (1623, 1136)&#10;  (Session info: chrome=144.0.7559.60)&#10;Build info: version: &apos;4.18.0&apos;, revision: &apos;b6bf9de7cc*&apos;&#10;System info: os.name: &apos;Windows 11&apos;, os.arch: &apos;amd64&apos;, os.version: &apos;10.0&apos;, java.version: &apos;23.0.2&apos;&#10;Driver info: org.openqa.selenium.chrome.ChromeDriver&#10;Command: [edde566d317dbc3ae25719189d944b68, clickElement {id=f.98262EA6C46BE15ECEE1459BED240FFF.d.D8D444F8517F72E6C9A019C765189643.e.490}]&#10;Capabilities {acceptInsecureCerts: false, browserName: chrome, browserVersion: 144.0.7559.60, chrome: {chromedriverVersion: 144.0.7559.31 (18537d992890..., userDataDir: C:\Users\melba\AppData\Loca...}, fedcm:accounts: true, goog:chromeOptions: {debuggerAddress: localhost:57010}, goog:processID: 12528, networkConnectionEnabled: false, pageLoadStrategy: normal, platformName: windows, proxy: Proxy(), se:cdp: ws://localhost:57010/devtoo..., se:cdpVersion: 144.0.7559.60, setWindowRect: true, strictFileInteractability: false, timeouts: {implicit: 0, pageLoad: 300000, script: 30000}, unhandledPromptBehavior: dismiss and notify, webauthn:extension:credBlob: true, webauthn:extension:largeBlob: true, webauthn:extension:minPinLength: true, webauthn:extension:prf: true, webauthn:virtualAuthenticators: true}&#10;Element: [[[[ChromeDriver: chrome on windows (edde566d317dbc3ae25719189d944b68)] -&gt; css selector: .mb-3]] -&gt; css selector: .card-body button:last-of-type]&#10;Session ID: edde566d317dbc3ae25719189d944b68" type="org.openqa.selenium.ElementClickInterceptedException">org.openqa.selenium.ElementClickInterceptedException: 
element click intercepted: Element is not clickable at point (1623, 1136)
  (Session info: chrome=144.0.7559.60)
Build info: version: '4.18.0', revision: 'b6bf9de7cc*'
System info: os.name: 'Windows 11', os.arch: 'amd64', os.version: '10.0', java.version: '23.0.2'
Driver info: org.openqa.selenium.chrome.ChromeDriver
Command: [edde566d317dbc3ae25719189d944b68, clickElement {id=f.98262EA6C46BE15ECEE1459BED240FFF.d.D8D444F8517F72E6C9A019C765189643.e.490}]
Capabilities {acceptInsecureCerts: false, browserName: chrome, browserVersion: 144.0.7559.60, chrome: {chromedriverVersion: 144.0.7559.31 (18537d992890..., userDataDir: C:\Users\melba\AppData\Loca...}, fedcm:accounts: true, goog:chromeOptions: {debuggerAddress: localhost:57010}, goog:processID: 12528, networkConnectionEnabled: false, pageLoadStrategy: normal, platformName: windows, proxy: Proxy(), se:cdp: ws://localhost:57010/devtoo..., se:cdpVersion: 144.0.7559.60, setWindowRect: true, strictFileInteractability: false, timeouts: {implicit: 0, pageLoad: 300000, script: 30000}, unhandledPromptBehavior: dismiss and notify, webauthn:extension:credBlob: true, webauthn:extension:largeBlob: true, webauthn:extension:minPinLength: true, webauthn:extension:prf: true, webauthn:virtualAuthenticators: true}
Element: [[[[ChromeDriver: chrome on windows (edde566d317dbc3ae25719189d944b68)] -> css selector: .mb-3]] -> css selector: .card-body button:last-of-type]
Session ID: edde566d317dbc3ae25719189d944b68
</failure>
    <system-err><![CDATA[Jan 17, 2026 8:51:50 PM org.openqa.selenium.devtools.CdpVersionFinder findNearestMatch
WARNING: Unable to find CDP implementation matching 144
Jan 17, 2026 8:51:50 PM org.openqa.selenium.chromium.ChromiumDriver lambda$new$5
WARNING: Unable to find version of CDP to use for 144.0.7559.60. You may need to include a dependency on a specific version of the CDP using something similar to `org.seleniumhq.selenium:selenium-devtools-v86:4.18.0` where the version ("v86") matches the version of the chromium-based browser you're using and the version number of the artifact is the same as Selenium's.
]]></system-err>
  </testcase>
  <testcase name="LoginErrorValidation" classname="rahulshettyacademy.tests.ErrorValidationsTest" time="0.467"/>
  <testcase name="ProductErrorValidation" classname="rahulshettyacademy.tests.ErrorValidationsTest" time="1.775">
    <failure message="element click intercepted: Element is not clickable at point (1623, 1136)&#10;  (Session info: chrome=144.0.7559.60)&#10;Build info: version: &apos;4.18.0&apos;, revision: &apos;b6bf9de7cc*&apos;&#10;System info: os.name: &apos;Windows 11&apos;, os.arch: &apos;amd64&apos;, os.version: &apos;10.0&apos;, java.version: &apos;23.0.2&apos;&#10;Driver info: org.openqa.selenium.chrome.ChromeDriver&#10;Command: [41cda15b3af55a9bd728e49cf6891b05, clickElement {id=f.0909C0A962997532A4C7585A54A9209D.d.2D3E03410644E7D0708E7200463B6B25.e.491}]&#10;Capabilities {acceptInsecureCerts: false, browserName: chrome, browserVersion: 144.0.7559.60, chrome: {chromedriverVersion: 144.0.7559.31 (18537d992890..., userDataDir: C:\Users\melba\AppData\Loca...}, fedcm:accounts: true, goog:chromeOptions: {debuggerAddress: localhost:49677}, goog:processID: 10348, networkConnectionEnabled: false, pageLoadStrategy: normal, platformName: windows, proxy: Proxy(), se:cdp: ws://localhost:49677/devtoo..., se:cdpVersion: 144.0.7559.60, setWindowRect: true, strictFileInteractability: false, timeouts: {implicit: 0, pageLoad: 300000, script: 30000}, unhandledPromptBehavior: dismiss and notify, webauthn:extension:credBlob: true, webauthn:extension:largeBlob: true, webauthn:extension:minPinLength: true, webauthn:extension:prf: true, webauthn:virtualAuthenticators: true}&#10;Element: [[[[ChromeDriver: chrome on windows (41cda15b3af55a9bd728e49cf6891b05)] -&gt; css selector: .mb-3]] -&gt; css selector: .card-body button:last-of-type]&#10;Session ID: 41cda15b3af55a9bd728e49cf6891b05" type="org.openqa.selenium.ElementClickInterceptedException">org.openqa.selenium.ElementClickInterceptedException: 
element click intercepted: Element is not clickable at point (1623, 1136)
  (Session info: chrome=144.0.7559.60)
Build info: version: '4.18.0', revision: 'b6bf9de7cc*'
System info: os.name: 'Windows 11', os.arch: 'amd64', os.version: '10.0', java.version: '23.0.2'
Driver info: org.openqa.selenium.chrome.ChromeDriver
Command: [41cda15b3af55a9bd728e49cf6891b05, clickElement {id=f.0909C0A962997532A4C7585A54A9209D.d.2D3E03410644E7D0708E7200463B6B25.e.491}]
Capabilities {acceptInsecureCerts: false, browserName: chrome, browserVersion: 144.0.7559.60, chrome: {chromedriverVersion: 144.0.7559.31 (18537d992890..., userDataDir: C:\Users\melba\AppData\Loca...}, fedcm:accounts: true, goog:chromeOptions: {debuggerAddress: localhost:49677}, goog:processID: 10348, networkConnectionEnabled: false, pageLoadStrategy: normal, platformName: windows, proxy: Proxy(), se:cdp: ws://localhost:49677/devtoo..., se:cdpVersion: 144.0.7559.60, setWindowRect: true, strictFileInteractability: false, timeouts: {implicit: 0, pageLoad: 300000, script: 30000}, unhandledPromptBehavior: dismiss and notify, webauthn:extension:credBlob: true, webauthn:extension:largeBlob: true, webauthn:extension:minPinLength: true, webauthn:extension:prf: true, webauthn:virtualAuthenticators: true}
Element: [[[[ChromeDriver: chrome on windows (41cda15b3af55a9bd728e49cf6891b05)] -> css selector: .mb-3]] -> css selector: .card-body button:last-of-type]
Session ID: 41cda15b3af55a9bd728e49cf6891b05
	at rahulshettyacademy.tests.ErrorValidationsTest.ProductErrorValidation(ErrorValidationsTest.java:38)
</failure>
    <system-err><![CDATA[Jan 17, 2026 8:51:55 PM org.openqa.selenium.devtools.CdpVersionFinder findNearestMatch
WARNING: Unable to find CDP implementation matching 144
Jan 17, 2026 8:51:55 PM org.openqa.selenium.chromium.ChromiumDriver lambda$new$5
WARNING: Unable to find version of CDP to use for 144.0.7559.60. You may need to include a dependency on a specific version of the CDP using something similar to `org.seleniumhq.selenium:selenium-devtools-v86:4.18.0` where the version ("v86") matches the version of the chromium-based browser you're using and the version number of the artifact is the same as Selenium's.
]]></system-err>
  </testcase>
  <testcase name="OrderHistoryTest" classname="rahulshettyacademy.tests.SubmitOrderTest" time="0">
    <skipped message="Method SubmitOrderTest.OrderHistoryTest()[pri:0, instance:rahulshettyacademy.tests.SubmitOrderTest@c8e4bb0] depends on not successfully finished methods"/>
  </testcase>
</testsuite>