<?xml version="1.0" encoding="UTF-8"?>
<testng-results ignored="3" total="4" passed="1" failed="0" skipped="0">
  <reporter-output>
  </reporter-output>
  <suite started-at="2026-01-17T14:56:19Z" name="Suite" finished-at="2026-01-17T14:56:22Z" duration-ms="3381">
    <groups>
      <group name="ErrorHandling">
        <method signature="ErrorValidationsTest.LoginErrorValidation()[pri:0, instance:rahulshettyacademy.tests.ErrorValidationsTest@2ca26d77]" name="LoginErrorValidation" class="rahulshettyacademy.tests.ErrorValidationsTest"/>
      </group> <!-- ErrorHandling -->
    </groups>
    <test started-at="2026-01-17T14:56:19Z" name="Submit Order Test" finished-at="2026-01-17T14:56:19Z" duration-ms="4">
    </test> <!-- Submit Order Test -->
    <test started-at="2026-01-17T14:56:19Z" name="Error Validations Test" finished-at="2026-01-17T14:56:22Z" duration-ms="3381">
      <class name="rahulshettyacademy.tests.ErrorValidationsTest">
        <test-method is-config="true" signature="launchApplication()[pri:0, instance:rahulshettyacademy.tests.ErrorValidationsTest@2ca26d77]" started-at="2026-01-17T14:56:19Z" name="launchApplication" finished-at="2026-01-17T14:56:21Z" duration-ms="2229" status="PASS">
          <reporter-output>
          </reporter-output>
        </test-method> <!-- launchApplication -->
        <test-method signature="LoginErrorValidation()[pri:0, instance:rahulshettyacademy.tests.ErrorValidationsTest@2ca26d77]" started-at="2026-01-17T14:56:21Z" name="LoginErrorValidation" finished-at="2026-01-17T14:56:22Z" duration-ms="981" status="PASS">
          <reporter-output>
          </reporter-output>
        </test-method> <!-- LoginErrorValidation -->
        <test-method is-config="true" signature="tearDown()[pri:0, instance:rahulshettyacademy.tests.ErrorValidationsTest@2ca26d77]" started-at="2026-01-17T14:56:22Z" name="tearDown" finished-at="2026-01-17T14:56:22Z" duration-ms="153" status="PASS">
          <reporter-output>
          </reporter-output>
        </test-method> <!-- tearDown -->
      </class> <!-- rahulshettyacademy.tests.ErrorValidationsTest -->
    </test> <!-- Error Validations Test -->
  </suite> <!-- Suite -->
</testng-results>
